0.000000e+00  6.283185e+00  100  0.000000e+00  0.000000e+00  3000  1.000000e-10  1273  9.789277e-11

 +3.85968286284555598536494259e-03
 +1.54294408951111232386477212e-02
 +3.46195130641415091399260007e-02
 +6.12809320331583889940318954e-02
 +9.52063908080020698809775581e-02
 +1.36131449037486307318545187e-01
 +1.83736072751297385696744868e-01
 +2.37646499591485677038704694e-01
 +2.97437419903992306124962397e-01
 +3.62634462413501945654559222e-01
 +4.32716971616187551230581221e-01
 +5.07121062498343877500417420e-01
 +5.85242936731954932483290577e-01
 +6.66442443118047678218829333e-01
 +7.50046863752066639285942529e-01
 +8.35354906178878642286633749e-01
 +9.21640880694426956054599032e-01
 +1.00815904094208264041299117e+00
 +1.09414806504952144550202320e+00
 +1.17883565376115662104439252e+00
 +1.26144322134588038331060034e+00
 +1.34119065450374908010644504e+00
 +1.41730111406132586182593514e+00
 +1.48900585393613127394019102e+00
 +1.55554903166795144286993491e+00
 +1.61619248475988119828627987e+00
 +1.67022044714558570710494223e+00
 +1.71694418030136430886045673e+00
 +1.75570649385160715283404897e+00
 +1.78588613097283555042338321e+00
 +1.80690199448284172234480138e+00
 +1.81821719020488914431155081e+00
 +1.81934286501936504087950652e+00
 +1.80984181795278842308505318e+00
 +1.78933186370230368211764471e+00
 +1.75748892914766408068771852e+00
 +1.71404986465668307538123827e+00
 +1.65881495333806494585360269e+00
 +1.59165010283086338915836677e+00
 +1.51248870573552673945982860e+00
 +1.42133315638015789161840985e+00
 +1.31825601326951757918948260e+00
 +1.20340079827545043400505165e+00
 +1.07698242538757193997867034e+00
 +9.39287253643889319398851967e-01
 +7.90672760694090204225403795e-01
 +6.31566835305020779500750905e-01
 +4.62466688989936591802631938e-01
 +2.83937388821986935738550528e-01
 +9.66100153697696251153814728e-02
 -9.88205484396090100274179235e-02
 -3.01598189874849265112999319e-01
 -5.10908490893282052347501576e-01
 -7.25881993303469696954266510e-01
 -9.45597791580683799672613077e-01
 -1.16908743861964170562828258e+00
 -1.39533914806729986146649480e+00
 -1.62330227530163395677220706e+00
 -1.85189205761771735758713930e+00
 -2.07999459275748321829269116e+00
 -2.30647203358161290154271228e+00
 -2.53016797543816718274456434e+00
 -2.74991301163979606769771635e+00
 -2.96453043142620131789044535e+00
 -3.17284203386720564665779420e+00
 -3.37367403036011603845167883e+00
 -3.56586300769813568933841452e+00
 -3.74826192313910722120340324e+00
 -3.91974610248961718994564762e+00
 -4.07921921194166881008413839e+00
 -4.22561917426008548659410735e+00
 -4.35792399992006096454133512e+00
 -4.47515750393666777995349548e+00
 -4.57639487941160449935296128e+00
 -4.66076809924627522008222513e+00
 -4.72747111803295627652232724e+00
 -4.77576484683520785523569430e+00
 -4.80498187440201096620739918e+00
 -4.81453090932398364287791992e+00
 -4.80390091873055880000720208e+00
 -4.77266494033960331222488094e+00
 -4.72048354600077324505491561e+00
 -4.64710793631528762404059307e+00
 -4.55238264746192822229886588e+00
 -4.43624785300533286402924205e+00
 -4.29874124520132738780375803e+00
 -4.13999948213760227133661829e+00
 -3.96025918894896289401685863e+00
 -3.75985750331650425692942008e+00
 -3.53923215749147601627555559e+00
 -3.29892109117022958031384405e+00
 -3.03956159168432105133206278e+00
 -2.76188896017685836525856757e+00
 -2.46673470480988799025112712e+00
 -2.15502426501865596009110959e+00
 -1.82777427626007837879740237e+00
 -1.48608940080977824926833364e+00
 -1.13115881426392594910623757e+00
 -7.64252724694773344360498868e-01
 -3.86720662949835203292536789e-01
