0.000000e+00  6.283185e+00  1000  0.000000e+00  0.000000e+00  250000  1.000000e-10  111465  9.173562e-11

 +3.93889334256621455017735589e-05
 +1.57573919458497068660923768e-04
 +3.54545643491691573907093060e-04
 +6.30288582350369322969407815e-04
 +9.84781005209156784854784839e-04
 +1.41799497487662940452268767e-03
 +1.92989634944656560620879215e-03
 +2.52044478431592876635503053e-03
 +3.18959373456946743488615859e-03
 +3.93729045773080158637791115e-03
 +4.76347601687986729052104451e-03
 +5.66808528413653527067150861e-03
 +6.65104694451024592433130422e-03
 +7.71228350011542336528425068e-03
 +8.85171127475249154559211462e-03
 +1.00692404188542066617584325e-02
 +1.13647749147970759941994601e-02
 +1.27382125825775821548191402e-02
 +1.41894450858528840125893922e-02
 +1.57183579383457332212525870e-02
 +1.73248305106132247099814947e-02
 +1.90087360371790012325554642e-02
 +2.07699416240286656443192470e-02
 +2.26083082564677920189843974e-02
 +2.45236908073423499898613187e-02
 +2.65159380456209507748166487e-02
 +2.85848926453385401846851721e-02
 +3.07303911949010563620099390e-02
 +3.29522642067505214247269407e-02
 +3.52503361273901263950314444e-02
 +3.76244253477687265463380584e-02
 +4.00743442140242475679734468e-02
 +4.25998990385854092721729103e-02
 +4.52008901116310729539904401e-02
 +4.78771117129070319928807464e-02
 +5.06283521238989342450054210e-02
 +5.34543936403613431651571375e-02
 +5.63550125852019315186858250e-02
 +5.93299793217202248163388845e-02
 +6.23790582672001311936860191e-02
 +6.55020079068556887458285587e-02
 +6.86985808081292115279126165e-02
 +7.19685236353409807374958973e-02
 +7.53115771646898080060594793e-02
 +7.87274762996039156881522558e-02
 +8.22159500864408504527958144e-02
 +8.57767217305357571044410747e-02
 +8.94095086125977489555083366e-02
 +9.31140223054523902268542201e-02
 +9.68899685911304986429826158e-02
 +1.00737047478301824932067632e-01
 +1.04654953220052596152278568e-01
 +1.08643374332006409366258026e-01
 +1.12701993610787101762760187e-01
 +1.16830488152822986602785704e-01
 +1.21028529373491122722583668e-01
 +1.25295783026600826559615598e-01
 +1.29631909224215441378547098e-01
 +1.34036562456811086940788869e-01
 +1.38509391613771654094833252e-01
 +1.43050040004218670386393342e-01
 +1.47658145378174898709744411e-01
 +1.52333339948061058377604127e-01
 +1.57075250410523864497136515e-01
 +1.61883497968594941562869849e-01
 +1.66757698354178668376235350e-01
 +1.71697461850868149380033856e-01
 +1.76702393317088729540742520e-01
 +1.81772092209566332732251226e-01
 +1.86906152607121234243692243e-01
 +1.92104163234784158786894182e-01
 +1.97365707488235175848245717e-01
 +2.02690363458562700094134357e-01
 +2.08077703957341958451721098e-01
 +2.13527296542031674864148272e-01
 +2.19038703541687446163521713e-01
 +2.24611482082990365771735242e-01
 +2.30245184116589729494961603e-01
 +2.35939356443758158077272924e-01
 +2.41693540743358137312668532e-01
 +2.47507273599118393647700032e-01
 +2.53380086527218328917854251e-01
 +2.59311506004179459505820660e-01
 +2.65301053495062277853833166e-01
 +2.71348245481966954262276204e-01
 +2.77452593492836685484803638e-01
 +2.83613604130561691718526163e-01
 +2.89830779102382751766242563e-01
 +2.96103615249592277969270526e-01
 +3.02431604577532264777062210e-01
 +3.08814234285886057840286867e-01
 +3.15250986799263721582775588e-01
 +3.21741339798079062362035074e-01
 +3.28284766249715476149617643e-01
 +3.34880734439981120331708553e-01
 +3.41528708004850634072369076e-01
 +3.48228145962490187592663915e-01
 +3.54978502745567470189058668e-01
 +3.61779228233841898543232674e-01
 +3.68629767787035267367912184e-01
 +3.75529562277979955808859813e-01
 +3.82478048126043690402298125e-01
 +3.89474657330828533119415624e-01
 +3.96518817506142651208023153e-01
 +4.03609951914243092474521291e-01
 +4.10747479500347567604734422e-01
 +4.17930814927413019077562240e-01
 +4.25159368611180588093390043e-01
 +4.32432546755483482314730281e-01
 +4.39749751387816301129163321e-01
 +4.47110380395165207811913888e-01
 +4.54513827560095007296325775e-01
 +4.61959482597092296884966345e-01
 +4.69446731189163579678336191e-01
 +4.76974955024684565962900251e-01
 +4.84543531834500773580742816e-01
 +4.92151835429274819855294254e-01
 +4.99799235737081293251549141e-01
 +5.07485098841245374501340848e-01
 +5.15208787018423763903740564e-01
 +5.22969658776926249466043828e-01
 +5.30767068895275251350085455e-01
 +5.38600368461000233999413922e-01
 +5.46468904909669039859920758e-01
 +5.54372022064149039266567343e-01
 +5.62309060174098651607721422e-01
 +5.70279355955687683454868875e-01
 +5.78282242631542597877114531e-01
 +5.86317049970915271650540035e-01
 +5.94383104330073797072486741e-01
 +6.02479728692912996912411927e-01
 +6.10606242711781210807941989e-01
 +6.18761962748523131061517688e-01
 +6.26946201915734468990137884e-01
 +6.35158270118228340805899279e-01
 +6.43397474094709931335955844e-01
 +6.51663117459656549002033898e-01
 +6.59954500745402961037200384e-01
 +6.68270921444427457025483363e-01
 +6.76611674051839195875857058e-01
 +6.84976050108060730003955996e-01
 +6.93363338241706372855333029e-01
 +7.01772824212654189324211984e-01
 +7.10203790955308278398661059e-01
 +7.18655518622048128385415566e-01
 +7.27127284626864711647442618e-01
 +7.35618363689179766140568972e-01
 +7.44128027877846154325425232e-01
 +7.52655546655328411276286715e-01
 +7.61200186922059041094712484e-01
 +7.69761213060967453003513583e-01
 +7.78337886982182647344075122e-01
 +7.86929468167904988540328759e-01
 +7.95535213717444733561023895e-01
 +8.04154378392424429300433530e-01
 +8.12786214662145289899797262e-01
 +8.21429972749112113916680755e-01
 +8.30084900674715298052319667e-01
 +8.38750244305068837213923416e-01
 +8.47425247396999870019840273e-01
 +8.56109151644189658725281333e-01
 +8.64801196723459564275060529e-01
 +8.73500620341205791241634415e-01
 +8.82206658279972688596615171e-01
 +8.90918544445169491297065179e-01
 +8.99635510911923508281518025e-01
 +9.08356787972067536429676693e-01
 +9.17081604181261278441184004e-01
 +9.25809186406242656808274205e-01
 +9.34538759872206137302441675e-01
 +9.43269548210306285618287347e-01
 +9.52000773505284114683888674e-01
 +9.60731656343212780946316798e-01
 +9.69461415859362851676905848e-01
 +9.78189269786178927645892145e-01
 +9.86914434501370618768589793e-01
 +9.95636125076113209786399239e-01
 +1.00435355532335557349199462e+00
 +1.01306593784623211185191849e+00
 +1.02177248408657583844671990e+00
 +1.03047240437353426756317276e+00
 +1.03916490797227623055221102e+00
 +1.04784920313279794612526530e+00
 +1.05652449713881924076019914e+00
 +1.06518999635676703263698073e+00
 +1.07384490628484696728150993e+00
 +1.08248843160219743175787244e+00
 +1.09111977621812483718599651e+00
 +1.09973814332141905936168769e+00
 +1.10834273542974015569484436e+00
 +1.11693275443908301980400211e+00
 +1.12550740167331086993840472e+00
 +1.13406587793375290829089863e+00
 +1.14260738354887236845058851e+00
 +1.15113111842399451489882267e+00
 +1.15963628209109304023627374e+00
 +1.16812207375863530423032444e+00
 +1.17658769236148175174605512e+00
 +1.18503233661083595684715419e+00
 +1.19345520504424440488833170e+00
 +1.20185549607564312601937218e+00
 +1.21023240804544474080728378e+00
 +1.21858513927067102500245710e+00
 +1.22691288809512055735240210e+00
 +1.23521485293957278273069278e+00
 +1.24349023235202316151060131e+00
 +1.25173822505795140358486606e+00
 +1.25995803001061190684595203e+00
 +1.26814884644135750235705018e+00
 +1.27630987390997452379792776e+00
 +1.28444031235504474430797472e+00
 +1.29253936214431996987173079e+00
 +1.30060622412511306400517697e+00
 +1.30864009967469563378017483e+00
 +1.31664019075070792830217670e+00
 +1.32460569994157206785700964e+00
 +1.33253583051690993599436297e+00
 +1.34042978647795818503141163e+00
 +1.34828677260798501791327908e+00
 +1.35610599452269475762022921e+00
 +1.36388665872063041817341400e+00
 +1.37162797263356273091972071e+00
 +1.37932914467686718040795313e+00
 +1.38698938429987972398294005e+00
 +1.39460790203624007688176789e+00
 +1.40218390955420679766518788e+00
 +1.40971661970695416599141936e+00
 +1.41720524658283597574381929e+00
 +1.42464900555562246076135580e+00
 +1.43204711333470191547689865e+00
 +1.43939878801525011908779561e+00
 +1.44670324912835890351914259e+00
 +1.45395971769112364313514263e+00
 +1.46116741625668833393092427e+00
 +1.46832556896424293313430098e+00
 +1.47543340158897229308365695e+00
 +1.48249014159195180440065087e+00
 +1.48949501816998886027931803e+00
 +1.49644726230540880962394112e+00
 +1.50334610681577784951912236e+00
 +1.51019078640356441134429133e+00
 +1.51698053770573459964055019e+00
 +1.52371459934327790897157229e+00
 +1.53039221197066699353683816e+00
 +1.53701261832523683459328367e+00
 +1.54357506327649063315732292e+00
 +1.55007879387532798709514736e+00
 +1.55652305940318869126315349e+00
 +1.56290711142111304887691858e+00
 +1.56923020381871292094899673e+00
 +1.57549159286305706650921366e+00
 +1.58169053724745900524339959e+00
 +1.58782629814017361979949783e+00
 +1.59389813923299161757540787e+00
 +1.59990532678973518265763687e+00
 +1.60584712969465259746471020e+00
 +1.61172281950070162004351459e+00
 +1.61753167047772827835672160e+00
 +1.62327295966053264386630417e+00
 +1.62894596689682047419012179e+00
 +1.63454997489503672802868550e+00
 +1.64008426927208339485275701e+00
 +1.64554813860091075916614045e+00
 +1.65094087445798920477102456e+00
 +1.65626177147064623795813532e+00
 +1.66151012736428138616417982e+00
 +1.66668524300944365101884159e+00
 +1.67178642246877395827198143e+00
 +1.67681297304381371482406848e+00
 +1.68176420532166637222815098e+00
 +1.68663943322152287684900784e+00
 +1.69143797404103657378016123e+00
 +1.69615914850255156132163847e+00
 +1.70080228079918072126019979e+00
 +1.70536669864072787383690866e+00
 +1.70985173329945805420493343e+00
 +1.71425671965570636245956848e+00
 +1.71858099624332694155270929e+00
 +1.72282390529497653197665841e+00
 +1.72698479278723460161870662e+00
 +1.73106300848555116900229223e+00
 +1.73505790598902742694065182e+00
 +1.73896884277502028481876550e+00
 +1.74279518024356994132517684e+00
 +1.74653628376165115376750236e+00
 +1.75019152270724043241045820e+00
 +1.75376027051320315663929250e+00
 +1.75724190471098995480758731e+00
 +1.76063580697414678866152826e+00
 +1.76394136316163585576077821e+00
 +1.76715796336095842811175771e+00
 +1.77028500193108473403924563e+00
 +1.77332187754518355582433742e+00
 +1.77626799323315309742099544e+00
 +1.77912275642394801522527814e+00
 +1.78188557898769794896054464e+00
 +1.78455587727762110539231344e+00
 +1.78713307217172445717778828e+00
 +1.78961658911429477569754454e+00
 +1.79200585815717028381754972e+00
 +1.79430031400079847969664115e+00
 +1.79649939603507147189986881e+00
 +1.79860254837993860377309829e+00
 +1.80060921992579547890045433e+00
 +1.80251886437364672310934566e+00
 +1.80433094027503848622018268e+00
 +1.80604491107175912922855332e+00
 +1.80766024513530521033999321e+00
 +1.80917641580611499030339928e+00
 +1.81059290143255813276823574e+00
 +1.81190918540968892713749483e+00
 +1.81312475621775548439984505e+00
 +1.81423910746046268549491742e+00
 +1.81525173790298843812252017e+00
 +1.81616215150975057746052244e+00
 +1.81696985748192263443456795e+00
 +1.81767437029469380860291494e+00
 +1.81827520973427314565640245e+00
 +1.81877190093463725339972825e+00
 +1.81916397441401489487589060e+00
 +1.81945096611111289952589232e+00
 +1.81963241742107251219806585e+00
 +1.81970787523116128703293271e+00
 +1.81967689195619586328689365e+00
 +1.81953902557369562309474986e+00
 +1.81929383965875990369909232e+00
 +1.81894090341867187277102857e+00
 +1.81847979172722440388554332e+00
 +1.81791008515876728601767809e+00
 +1.81723137002197376865808565e+00
 +1.81644323839332155756665088e+00
 +1.81554528815029181387785684e+00
 +1.81453712300427882908593347e+00
 +1.81341835253320859955294964e+00
 +1.81218859221387007529813218e+00
 +1.81084746345395197764105433e+00
 +1.80939459362378363138645909e+00
 +1.80782961608777892337229787e+00
 +1.80615217023558050080112025e+00
 +1.80436190151290887229151849e+00
 +1.80245846145209953625965227e+00
 +1.80044150770234367975319856e+00
 +1.79831070405961712665998675e+00
 +1.79606572049630552889709634e+00
 +1.79370623319051691879622012e+00
 +1.79123192455508273290831767e+00
 +1.78864248326624553087071945e+00
 +1.78593760429203163297984247e+00
 +1.78311698892030667806807287e+00
 +1.78018034478651321350639591e+00
 +1.77712738590108521030686006e+00
 +1.77395783267654283399394899e+00
 +1.77067141195426214217434335e+00
 +1.76726785703091926471586248e+00
 +1.76374690768460862244637610e+00
 +1.76010831020063052143598270e+00
 +1.75635181739694723468403481e+00
 +1.75247718864931156801389989e+00
 +1.74848418991605614181139572e+00
 +1.74437259376255182630188756e+00
 +1.74014217938532578244803517e+00
 +1.73579273263584199504805383e+00
 +1.73132404604394518621290899e+00
 +1.72673591884095856130443281e+00
 +1.72202815698244160458330043e+00
 +1.71720057317060104118411346e+00
 +1.71225298687635918426508397e+00
 +1.70718522436107056350351741e+00
 +1.70199711869789416240905666e+00
 +1.69668850979281304880430525e+00
 +1.69125924440530184256203938e+00
 +1.68570917616864246468821875e+00
 +1.68003816560988727957237643e+00
 +1.67424608016946008248737598e+00
 +1.66833279422040892114864619e+00
 +1.66229818908729276571989431e+00
 +1.65614215306471423971856893e+00
 +1.64986458143548775368003589e+00
 +1.64346537648844748247256575e+00
 +1.63694444753589141150484920e+00
 +1.63030171093065900933538614e+00
 +1.62353709008284585735282235e+00
 +1.61665051547615123972434503e+00
 +1.60964192468385425272003886e+00
 +1.60251126238442354043911564e+00
 +1.59525848037675621604591925e+00
 +1.58788353759504419215886628e+00
 +1.58038640012326747630311274e+00
 +1.57276704120931554164997124e+00
 +1.56502544127873455259702951e+00
 +1.55716158794809267362779792e+00
 +1.54917547603797722821639127e+00
 +1.54106710758560705443187544e+00
 +1.53283649185706960516029085e+00
 +1.52448364535917613160620476e+00
 +1.51600859185093805869826156e+00
 +1.50741136235466033355123727e+00
 +1.49869199516665330129683298e+00
 +1.48985053586755866739110843e+00
 +1.48088703733229398729065451e+00
 +1.47180155973960857807014690e+00
 +1.46259417058125706923021880e+00
 +1.45326494467078370931290010e+00
 +1.44381396415192009285988206e+00
 +1.43424131850659275499992873e+00
 +1.42454710456254307615608923e+00
 +1.41473142650055661029284693e+00
 +1.40479439586130250283702026e+00
 +1.39473613155178055578176100e+00
 +1.38455675985137638406285987e+00
 +1.37425641441752333093972993e+00
 +1.36383523629097225260409232e+00
 +1.35329337390066783974873488e+00
 +1.34263098306822681315964019e+00
 +1.33184822701202465466963076e+00
 +1.32094527635088576644761815e+00
 +1.30992230910737394999898697e+00
 +1.29877951071069319688433552e+00
 +1.28751707399918369212343805e+00
 +1.27613519922242413251467497e+00
 +1.26463409404293503079941274e+00
 +1.25301397353748167340370401e+00
 +1.24127506019798206082782599e+00
 +1.22941758393200983867643572e+00
 +1.21744178206290110111353897e+00
 +1.20534789932946018176096459e+00
 +1.19313618788526309977271467e+00
 +1.18080690729756354606649893e+00
 +1.16836032454579230588365135e+00
 +1.15579671401966099786307041e+00
 +1.14311635751685947148814648e+00
 +1.13031954424035441242324396e+00
 +1.11740657079528293849080001e+00
 +1.10437774118544385082429926e+00
 +1.09123336680938942677698833e+00
 +1.07797376645611109324818244e+00
 +1.06459926630032231109623808e+00
 +1.05111019989734111312884579e+00
 +1.03750690817756607842170524e+00
 +1.02378973944054996181307615e+00
 +1.00995904934867164470801981e+00
 +9.96015200920402632434047518e-01
 +9.81958564523171650861854687e-01
 +9.67789517865824677755881567e-01
 +9.53508445990682296233842408e-01
 +9.39115741265192927045291071e-01
 +9.24611803373183160914550172e-01
 +9.09997039305705301970306209e-01
 +8.95271863351480789994241150e-01
 +8.80436697086942499090866932e-01
 +8.65491969365871360864161943e-01
 +8.50438116308632974238435054e-01
 +8.35275581291010205120528553e-01
 +8.20004814932633219193292007e-01
 +8.04626275085008613174863967e-01
 +7.89140426819146312276131994e-01
 +7.73547742412783678744858662e-01
 +7.57848701337210495232454832e-01
 +7.42043790243690715158209059e-01
 +7.26133502949485087896164259e-01
 +7.10118340423473215494709621e-01
 +6.93998810771375262973492681e-01
 +6.77775429220573322197651578e-01
 +6.61448718104536093065348723e-01
 +6.45019206846842108049600029e-01
 +6.28487431944806274053405559e-01
 +6.11853936952707955221342218e-01
 +5.95119272464622151019852936e-01
 +5.78283996096853325497022524e-01
 +5.61348672469973775100982039e-01
 +5.44313873190464980744707191e-01
 +5.27180176831965052741679756e-01
 +5.09948168916121380433992272e-01
 +4.92618441893047653845627565e-01
 +4.75191595121390752964884996e-01
 +4.57668234848001564962771681e-01
 +4.40048974187216224152052746e-01
 +4.22334433099744610551340429e-01
 +4.04525238371168993634086064e-01
 +3.86622023590052821262474936e-01
 +3.68625429125659376250467858e-01
 +3.50536102105283242647004727e-01
 +3.32354696391194082139008970e-01
 +3.14081872557192776085344121e-01
 +2.95718297864782597716981627e-01
 +2.77264646238954526324960170e-01
 +2.58721598243589090415639475e-01
 +2.40089841056474795344399809e-01
 +2.21370068443943579516997033e-01
 +2.02562980735125325315593159e-01
 +1.83669284795821785571945384e-01
 +1.64689694002000952544051415e-01
 +1.45624928212912646552368301e-01
 +1.26475713743826989610141709e-01
 +1.07242783338395986092450585e-01
 +8.79268761406398619007163120e-02
 +6.85287376665591474456107335e-02
 +4.90491197753731497654960947e-02
 +2.94887806403863958482070018e-02
 +9.84848471948408105136607560e-03
 -9.87099727474245909608630001e-03
 -2.96688884052390168533097636e-02
 -4.95444055410993386412421557e-02
 -6.94967593885422729726997204e-02
 -8.95251545222540412449774294e-02
 -1.09628789417094432701027529e-01
 -1.29806856480165488942901675e-01
 -1.50058542083241736042609205e-01
 -1.70383026595560177485211284e-01
 -1.90779484416969263849139793e-01
 -2.11247084011435104500264970e-01
 -2.31784987940903464131991996e-01
 -2.52392352899516836384208318e-01
 -2.73068329748184568384061777e-01
 -2.93812063549504565163061898e-01
 -3.14622693603035852305538356e-01
 -3.35499353480919637604529271e-01
 -3.56441171063847983546679643e-01
 -3.77447268577378647336217909e-01
 -3.98516762628593923523112608e-01
 -4.19648764243103211679652986e-01
 -4.40842378902385978456379689e-01
 -4.62096706581475502595424132e-01
 -4.83410841786980127743333924e-01
 -5.04783873595441523463023259e-01
 -5.26214885692028788710672416e-01
 -5.47702956409563346262814321e-01
 -5.69247158767879013474555450e-01
 -5.90846560513510032919270998e-01
 -6.12500224159707284954379247e-01
 -6.34207207026783015280102518e-01
 -6.55966561282778859442998964e-01
 -6.77777333984457275306567681e-01
 -6.99638567118615051221297563e-01
 -7.21549297643716447403505754e-01
 -7.43508557531843861099218884e-01
 -7.65515373810964128153955244e-01
 -7.87568768607510683033012810e-01
 -8.09667759189276470266349861e-01
 -8.31811358008617940384965550e-01
 -8.53998572745968242969638595e-01
 -8.76228406353656619209857581e-01
 -8.98499857100032994772220718e-01
 -9.20811918613894997420743493e-01
 -9.43163579929216400188352054e-01
 -9.65553825530174769653513067e-01
 -9.87981635396474988652926186e-01
 -1.01044598504896954160869882e+00
 -1.03294584559557089953329978e+00
 -1.05548018377745478346696473e+00
 -1.07804796201555275203531892e+00
 -1.10064813845733078245814340e+00
 -1.12327966702385539932151914e+00
 -1.14594149745713846932915203e+00
 -1.16863257536776643519260688e+00
 -1.19135184228280532892085830e+00
 -1.21409823569398356291060281e+00
 -1.23687068910614872407904841e+00
 -1.25966813208599681672694715e+00
 -1.28248949031106884710595750e+00
 -1.30533368561902096693927433e+00
 -1.32819963605715174459476202e+00
 -1.35108625593219899840846665e+00
 -1.37399245586039842059733473e+00
 -1.39691714281779377770931205e+00
 -1.41985922019081001188567370e+00
 -1.44281758782707836274994406e+00
 -1.46579114208651395401261652e+00
 -1.48877877589264207003338925e+00
 -1.51177937878417134598407756e+00
 -1.53479183696681431570141285e+00
 -1.55781503336534732362395062e+00
 -1.58084784767591135512532219e+00
 -1.60388915641855311911001536e+00
 -1.62693783298999661290906715e+00
 -1.64999274771665360717065596e+00
 -1.67305276790785861784627286e+00
 -1.69611675790933813523508888e+00
 -1.71918357915689856696417337e+00
 -1.74225209023034377509020487e+00
 -1.76532114690760955078019379e+00
 -1.78838960221911613679424136e+00
 -1.81145630650233835368112523e+00
 -1.83452010745658733448237854e+00
 -1.85757985019800497816788720e+00
 -1.88063437731476290615262315e+00
 -1.90368252892246991869740214e+00
 -1.92672314271978106781091356e+00
 -1.94975505404420812460841717e+00
 -1.97277709592812589001198376e+00
 -1.99578809915497590310451415e+00
 -2.01878689231566044171017893e+00
 -2.04177230186512925769193316e+00
 -2.06474315217915060927111881e+00
 -2.08769826561126770059217961e+00
 -2.11063646254993919626485877e+00
 -2.13355656147585825976875640e+00
 -2.15645737901944434256051863e+00
 -2.17933773001851438522180615e+00
 -2.20219642757612144023937617e+00
 -2.22503228311856204868490750e+00
 -2.24784410645355414715140796e+00
 -2.27063070582856907364543986e+00
 -2.29339088798933410373592778e+00
 -2.31612345823848286840984656e+00
 -2.33882722049436564404345518e+00
 -2.36150097735001507359697825e+00
 -2.38414353013225177591039028e+00
 -2.40675367896094449804422766e+00
 -2.42933022280840749118624444e+00
 -2.45187195955894532417573828e+00
 -2.47437768606853047970162152e+00
 -2.49684619822461772997712615e+00
 -2.51927629100609173917746375e+00
 -2.54166675854333945494545333e+00
 -2.56401639417845617074931397e+00
 -2.58632399052556927188106783e+00
 -2.60858833953128943505817006e+00
 -2.63080823253526840943550269e+00
 -2.65298246033088158668533652e+00
 -2.67510981322602114929054551e+00
 -2.69718908110399535615897548e+00
 -2.71921905348453663009422598e+00
 -2.74119851958490956533864846e+00
 -2.76312626838112551652670845e+00
 -2.78500108866924422912347836e+00
 -2.80682176912678427171954354e+00
 -2.82858709837421073984842224e+00
 -2.85029586503652065943015259e+00
 -2.87194685780491143489712158e+00
 -2.89353886549853056564529652e+00
 -2.91507067712630618672164928e+00
 -2.93654108194885488103409443e+00
 -2.95794886954046143401342306e+00
 -2.97929282985112786619197323e+00
 -3.00057175326869618459113553e+00
 -3.02178443068103064206297859e+00
 -3.04292965353826305729967316e+00
 -3.06400621391509364599414766e+00
 -3.08501290457315091586565359e+00
 -3.10594851902340307603367364e+00
 -3.12681185158862318118622170e+00
 -3.14760169746589024697414061e+00
 -3.16831685278914187975374261e+00
 -3.18895611469176509800149688e+00
 -3.20951828136922578948997398e+00
 -3.23000215214172969879768971e+00
 -3.25040652751691316879600890e+00
 -3.27073020925257074154046677e+00
 -3.29097200041939297321391678e+00
 -3.31113070546373933211725671e+00
 -3.33120513027042441933645023e+00
 -3.35119408222552017662110302e+00
 -3.37109637027916742013644580e+00
 -3.39091080500840291733766207e+00
 -3.41063619867999046064710456e+00
 -3.43027136531325238522072141e+00
 -3.44981512074290597169579087e+00
 -3.46926628268189141124366870e+00
 -3.48862367078419710608727655e+00
 -3.50788610670767608823439332e+00
 -3.52705241417685044780228054e+00
 -3.54612141904569622141707441e+00
 -3.56509194936041540202609212e+00
 -3.58396283542218174744675707e+00
 -3.60273290984986171991977244e+00
 -3.62140100764271499755864170e+00
 -3.63996596624305235323504348e+00
 -3.65842662559886688811161548e+00
 -3.67678182822642618532427150e+00
 -3.69503041927282405154642220e+00
 -3.71317124657848873781063048e+00
 -3.73120316073964408687402283e+00
 -3.74912501517072271894903679e+00
 -3.76693566616671926539083870e+00
 -3.78463397296549608483928751e+00
 -3.80221879781002725096072936e+00
 -3.81968900601057947952199356e+00
 -3.83704346600682333345844199e+00
 -3.85428104942988314363105928e+00
 -3.87140063116430965806102904e+00
 -3.88840108940998252506915378e+00
 -3.90528130574392884355461320e+00
 -3.92204016518206355357278881e+00
 -3.93867655624084722632005651e+00
 -3.95518937099885592445502880e+00
 -3.97157750515825425097204970e+00
 -3.98783985810618624157086742e+00
 -4.00397533297605701108068388e+00
 -4.01998283670872336159618499e+00
 -4.03586128011357558875715767e+00
 -4.05160957792952203249114973e+00
 -4.06722664888585239140184058e+00
 -4.08271141576299445574704805e+00
 -4.09806280545315804175743324e+00
 -4.11327974902085635733328672e+00
 -4.12836118176330657547623559e+00
 -4.14330604327070606274219244e+00
 -4.15811327748637715728818876e+00
 -4.17278183276679115465412906e+00
 -4.18731066194144307957003548e+00
 -4.20169872237260566549821306e+00
 -4.21594497601492523841670845e+00
 -4.23004838947489325562401064e+00
 -4.24400793407015708424978584e+00
 -4.25782258588868245396952261e+00
 -4.27149132584777468935044453e+00
 -4.28501313975293385283293901e+00
 -4.29838701835655090377485976e+00
 -4.31161195741645020262922117e+00
 -4.32468695775425970850847079e+00
 -4.33761102531361331102743861e+00
 -4.35038317121819062549548107e+00
 -4.36300241182957027064048816e+00
 -4.37546776880491616878998684e+00
 -4.38777826915448709854672416e+00
 -4.39993294529894640731981781e+00
 -4.41193083512650296995616372e+00
 -4.42377098204985763629792928e+00
 -4.43545243506295427948771248e+00
 -4.44697424879753810955662630e+00
 -4.45833548357951414686795033e+00
 -4.46953520548511118448686830e+00
 -4.48057248639683614044315618e+00
 -4.49144640405922679349259852e+00
 -4.50215604213438602698715840e+00
 -4.51270049025731001535177711e+00
 -4.52307884409100147138360626e+00
 -4.53329020538135640805421644e+00
 -4.54333368201184484291843546e+00
 -4.55320838805794814163618867e+00
 -4.56291344384138408685203103e+00
 -4.57244797598409213890136016e+00
 -4.58181111746199132284118605e+00
 -4.59100200765850363637810005e+00
 -4.60001979241782699148188840e+00
 -4.60886362409798255868054184e+00
 -4.61753266162360365143513263e+00
 -4.62602607053848746687663152e+00
 -4.63434302305789014297943140e+00
 -4.64248269812057579031261412e+00
 -4.65044428144059551755162829e+00
 -4.65822696555882487245980883e+00
 -4.66582994989422683573820905e+00
 -4.67325244079485990766897885e+00
 -4.68049365158861263580547529e+00
 -4.68755280263366991277962370e+00
 -4.69442912136870660333443084e+00
 -4.70112184236281027693848955e+00
 -4.70763020736512149966301877e+00
 -4.71395346535418990896459945e+00
 -4.72009087258705672951464294e+00
 -4.72604169264803708472300059e+00
 -4.73180519649722963748672555e+00
 -4.73738066251872247391929704e+00
 -4.74276737656851299362870122e+00
 -4.74796463202212049026229579e+00
 -4.75297172982191185042211146e+00
 -4.75778797852411550195483869e+00
 -4.76241269434553604611437549e+00
 -4.76684520120995536274222104e+00
 -4.77108483079423351114201068e+00
 -4.77513092257408366947402101e+00
 -4.77898282386954509348697684e+00
 -4.78263988989013544284034651e+00
 -4.78610148377967181687608900e+00
 -4.78936697666078181612192566e+00
 -4.79243574767908864231458210e+00
 -4.79530718404706135515880305e+00
 -4.79798068108753916760633729e+00
 -4.80045564227691734515701683e+00
 -4.80273147928801069639348498e+00
 -4.80480761203256356850488373e+00
 -4.80668346870343299315209151e+00
 -4.80835848581642189003559906e+00
 -4.80983210825176676905812201e+00
 -4.81110378929528348379562885e+00
 -4.81217299067915948995732833e+00
 -4.81303918262239438519145551e+00
 -4.81370184387088695388001724e+00
 -4.81416046173716871692249697e+00
 -4.81441453213976533476170516e+00
 -4.81446355964221339718278614e+00
 -4.81430705749170240181911140e+00
 -4.81394454765735790857661414e+00
 -4.81337556086814633005133146e+00
 -4.81259963665042356240064692e+00
 -4.81161632336509992313722250e+00
 -4.81042517824443294216507638e+00
 -4.80902576742843912427360920e+00
 -4.80741766600093800576587455e+00
 -4.80560045802520452440376175e+00
 -4.80357373657924302534638628e+00
 -4.80133710379066691587013338e+00
 -4.79889017087120439697400798e+00
 -4.79623255815080007380402094e+00
 -4.79336389511133642571394375e+00
 -4.79028382041995381968035872e+00
 -4.78699198196197350796410319e+00
 -4.78348803687342982726704577e+00
 -4.77977165157319472399422011e+00
 -4.77584250179470082287025434e+00
 -4.77170027261726747980219443e+00
 -4.76734465849701383177716707e+00
 -4.76277536329736506104381988e+00
 -4.75799210031914299179334193e+00
 -4.75299459233026055926529807e+00
 -4.74778257159498995321200709e+00
 -4.74235577990281331750566096e+00
 -4.73671396859686488767238188e+00
 -4.73085689860194591460640368e+00
 -4.72478434045212480896225316e+00
 -4.71849607431790651901337696e+00
 -4.71199189003298624101034875e+00
 -4.70527158712056792211342326e+00
 -4.69833497481925732586205413e+00
 -4.69118187210852966018137522e+00
 -4.68381210773376110978460929e+00
 -4.67622552023082604932824324e+00
 -4.66842195795026260185522915e+00
 -4.66040127908099588438517458e+00
 -4.65216335167362871061413898e+00
 -4.64370805366328820440458003e+00
 -4.63503527289203454131438775e+00
 -4.62614490713082293638080955e+00
 -4.61703686410102065451610542e+00
 -4.60771106149548348440703194e+00
 -4.59816742699917480052818064e+00
 -4.58840589830934320048072550e+00
 -4.57842642315524805951554299e+00
 -4.56822895931743122588386541e+00
 -4.55781347464652775158810982e+00
 -4.54717994708164230388547367e+00
 -4.53632836466824418408805286e+00
 -4.52525872557562180986678868e+00
 -4.51397103811387090388507204e+00
 -4.50246532075042171783252343e+00
 -4.49074160212610973275104698e+00
 -4.47879992107077473662002376e+00
 -4.46664032661840249005535952e+00
 -4.45426287802180365105186866e+00
 -4.44166764476680597795166250e+00
 -4.42885470658600599591636637e+00
 -4.41582415347203216526850156e+00
 -4.40257608569034708523304289e+00
 -4.38911061379157008133233830e+00
 -4.37542785862333083457542671e+00
 -4.36152795134165405244175417e+00
 -4.34741103342186185898299300e+00
 -4.33307725666900456218399995e+00
 -4.31852678322780736408503799e+00
 -4.30375978559214900087681599e+00
 -4.28877644661405632575679192e+00
 -4.27357695951221838726041824e+00
 -4.25816152788001467399681133e+00
 -4.24253036569307440117881924e+00
 -4.22668369731634374630857565e+00
 -4.21062175751066725126747770e+00
 -4.19434479143888694352426683e+00
 -4.17785305467146184099647144e+00
 -4.16114681319159540606733572e+00
 -4.14422634339987627782875279e+00
 -4.12709193211842872983652342e+00
 -4.10974387659458084698371749e+00
 -4.09218248450403887517268231e+00
 -4.07440807395357218467779603e+00
 -4.05642097348320795902054670e+00
 -4.03822152206793294482167767e+00
 -4.01981006911890403898723889e+00
 -4.00118697448416860140696372e+00
 -3.98235260844888694364840376e+00
 -3.96330735173506809587706812e+00
 -3.94405159550080330888022218e+00
 -3.92458574133900128799723461e+00
 -3.90491020127564425479249621e+00
 -3.88502539776753375022622095e+00
 -3.86493176369954305471310363e+00
 -3.84462974238137533689041447e+00
 -3.82411978754382175793580245e+00
 -3.80340236333452397232690601e+00
 -3.78247794431323924868593167e+00
 -3.76134701544660154937105290e+00
 -3.74001007210239455602618364e+00
 -3.71846762004331177209337511e+00
 -3.69672017542023079172963662e+00
 -3.67476826476497819840005832e+00
 -3.65261242498260241262642012e+00
 -3.63025320334313672532289274e+00
 -3.60769115747287205664406429e+00
 -3.58492685534512256495531801e+00
 -3.56196087527049742860185688e+00
 -3.53879380588666414553244977e+00
 -3.51542624614761800572182437e+00
 -3.49185880531244530189383113e+00
 -3.46809210293358871624036510e+00
 -3.44412676884461355086841650e+00
 -3.41996344314746858472631175e+00
 -3.39560277619924821834729300e+00
 -3.37104542859845812685648525e+00
 -3.34629207117077154265416539e+00
 -3.32134338495429393134372731e+00
 -3.29620006118432051778199821e+00
 -3.27086280127759554403610309e+00
 -3.24533231681607325924687757e+00
 -3.21960932953017486823910076e+00
 -3.19369457128155431746563409e+00
 -3.16758878404535204609260290e+00
 -3.14129271989196112713216280e+00
 -3.11480714096828625869761709e+00
 -3.08813281947850670761113179e+00
 -3.06127053766434542581009737e+00
 -3.03422108778483190505426137e+00
 -3.00698527209557520123439645e+00
 -2.97956390282753647014146736e+00
 -2.95195780216530234696392654e+00
 -2.92416780222486449858365631e+00
 -2.89619474503090490458134809e+00
 -2.86803948249358553468368882e+00
 -2.83970287638483886993867600e+00
 -2.81118579831416637304641881e+00
 -2.78248912970394979282673376e+00
 -2.75361376176425665107672103e+00
 -2.72456059546716522490328316e+00
 -2.69533054152059126096219188e+00
 -2.66592452034162441520948050e+00
 -2.63634346202937885905726034e+00
 -2.60658830633734650561450508e+00
 -2.57666000264526484642146897e+00
 -2.54655950993049584596406021e+00
 -2.51628779673892211121710716e+00
 -2.48584584115535012216469113e+00
 -2.45523463077343029326016222e+00
 -2.42445516266509164537978904e+00
 -2.39350844334949375280530148e+00
 -2.36239548876149285661085742e+00
 -2.33111732421963013806021081e+00
 -2.29967498439363238205146445e+00
 -2.26806951327143835328570276e+00
 -2.23630196412574644426740633e+00
 -2.20437339948007737788771010e+00
 -2.17228489107436617544522051e+00
 -2.14003751983007539649861428e+00
 -2.10763237581483497962153706e+00
 -2.07507055820660779588138212e+00
 -2.04235317525738135913115912e+00
 -2.00948134425639279854181041e+00
 -1.97645619149287710136775331e+00
 -1.94327885221835394702338817e+00
 -1.90995047060844491682018997e+00
 -1.87647219972422041323056874e+00
 -1.84284520147309116566702869e+00
 -1.80907064656922855760967650e+00
 -1.77514971449353109456126276e+00
 -1.74108359345312413424267106e+00
 -1.70687348034040997646343385e+00
 -1.67252058069165632225860918e+00
 -1.63802610864513265021003008e+00
 -1.60339128689879673039797581e+00
 -1.56861734666752994371563545e+00
 -1.53370552763992651357227714e+00
 -1.49865707793463820429735733e+00
 -1.46347325405627648464701451e+00
 -1.42815532085087881775109508e+00
 -1.39270455146093685705466214e+00
 -1.35712222727999676230581372e+00
 -1.32140963790682897105455140e+00
 -1.28556808109917763971452587e+00
 -1.24959886272709175258910363e+00
 -1.21350329672584544837832254e+00
 -1.17728270504845267119264918e+00
 -1.14093841761778658216996973e+00
 -1.10447177227830728440949315e+00
 -1.06788411474741318230030629e+00
 -1.03117679856642485702877821e+00
 -9.94351185051214669918806521e-01
 -9.57408643242498746950275290e-01
 -9.20350549855808330868001121e-01
 -8.83178289231163482497777295e-01
 -8.45893253282470114484681289e-01
 -8.08496841446673775166686937e-01
 -7.70990460632702823140505188e-01
 -7.33375525170239073169398125e-01
 -6.95653456758367982892821146e-01
 -6.57825684414161337976167943e-01
 -6.19893644421260048282817934e-01
 -5.81858780278537324193166569e-01
 -5.43722542648934825670892224e-01
 -5.05486389308585470914181315e-01
 -4.67151785096352800685792772e-01
 -4.28720201863948380260893600e-01
 -3.90193118426813312371592701e-01
 -3.51572020515990735223255115e-01
 -3.12858400731255814619657940e-01
 -2.74053758495824639762616926e-01
 -2.35159600013024300269037781e-01
 -1.96177438225382222425352552e-01
 -1.57108792776681882585876338e-01
 -1.17955189977640650944579193e-01
 -7.87181627759947349920466309e-02
 -3.93992507319318660541362931e-02
