0.000000e+00  6.283185e+00  100  0.000000e+00  0.000000e+00  3000  1.000000e-10  2520  9.960786e-11

 +3.85968286272533401062845293e-03
 +1.54294408946829535861366978e-02
 +3.46195130632265535286506974e-02
 +6.12809320315885683316814436e-02
 +9.52063908056249852407404433e-02
 +1.36131449034164880851349722e-01
 +1.83736072746915418685276222e-01
 +2.37646499585945109034312850e-01
 +2.97437419897219612607841555e-01
 +3.62634462405442670185351517e-01
 +4.32716971606813549655612405e-01
 +5.07121062487646212524339262e-01
 +5.85242936719950090918018759e-01
 +6.66442443104770188000429698e-01
 +7.50046863737574232011695585e-01
 +8.35354906163244370631559832e-01
 +9.21640880677744522841976504e-01
 +1.00815904092445696171864711e+00
 +1.09414806503107309154643190e+00
 +1.17883565374201459974301542e+00
 +1.26144322132618280640770081e+00
 +1.34119065448363872228298987e+00
 +1.41730111404094882843196501e+00
 +1.48900585391563344828114168e+00
 +1.55554903164747759802821747e+00
 +1.61619248473957100031839218e+00
 +1.67022044712557393708607378e+00
 +1.71694418028177553381397047e+00
 +1.75570649383255861231134531e+00
 +1.78588613095443093925496214e+00
 +1.80690199446517363313091664e+00
 +1.81821719018803595879774093e+00
 +1.81934286500339226222422440e+00
 +1.80984181793774689950282664e+00
 +1.78933186368823049505749623e+00
 +1.75748892913458187869935045e+00
 +1.71404986464460118433805746e+00
 +1.65881495332698092326495498e+00
 +1.59165010282076280212493202e+00
 +1.51248870572638449694125029e+00
 +1.42133315637194024283473937e+00
 +1.31825601326218277975499404e+00
 +1.20340079826895074432968613e+00
 +1.07698242538185384731264094e+00
 +9.39287253638896868501717563e-01
 +7.90672760689763776120742023e-01
 +6.31566835301301088279046780e-01
 +4.62466688986763685420555703e-01
 +2.83937388819302749531914287e-01
 +9.66100153675177319989586522e-02
 -9.88205484414819423921727548e-02
 -3.01598189876393307784496756e-01
 -5.10908490894543376725778216e-01
 -7.25881993304490658047711804e-01
 -9.45597791581502478130971667e-01
 -1.16908743862029140814229322e+00
 -1.39533914806781056405782238e+00
 -1.62330227530203141661502286e+00
 -1.85189205761802289096351615e+00
 -2.07999459275771592103865260e+00
 -2.30647203358178787269139320e+00
 -2.53016797543829730088305041e+00
 -2.74991301163989199096704397e+00
 -2.96453043142627103989639181e+00
 -3.17284203386725538464929741e+00
 -3.37367403036015156558846684e+00
 -3.56586300769816011424495628e+00
 -3.74826192313912454068258739e+00
 -3.91974610248962873626510373e+00
 -4.07921921194167591551149599e+00
 -4.22561917426008992748620585e+00
 -4.35792399992006451725501393e+00
 -4.47515750393667044448875458e+00
 -4.57639487941160538753138098e+00
 -4.66076809924627522008222513e+00
 -4.72747111803295627652232724e+00
 -4.77576484683520785523569430e+00
 -4.80498187440201096620739918e+00
 -4.81453090932398364287791992e+00
 -4.80390091873055880000720208e+00
 -4.77266494033960331222488094e+00
 -4.72048354600077324505491561e+00
 -4.64710793631528762404059307e+00
 -4.55238264746192822229886588e+00
 -4.43624785300533286402924205e+00
 -4.29874124520132738780375803e+00
 -4.13999948213760227133661829e+00
 -3.96025918894896289401685863e+00
 -3.75985750331650425692942008e+00
 -3.53923215749147601627555559e+00
 -3.29892109117022958031384405e+00
 -3.03956159168432105133206278e+00
 -2.76188896017685836525856757e+00
 -2.46673470480988799025112712e+00
 -2.15502426501865596009110959e+00
 -1.82777427626007837879740237e+00
 -1.48608940080977824926833364e+00
 -1.13115881426392594910623757e+00
 -7.64252724694773344360498868e-01
 -3.86720662949835203292536789e-01
