0.000000e+00  6.283185e+00  1000  0.000000e+00  0.000000e+00  250000  1.000000e-10  215220  9.561063e-11

 +3.93889231583465765211028720e-05
 +1.57573898923030539373155157e-04
 +3.54545612688347323588483606e-04
 +6.30288541280451023417208400e-04
 +9.84780953875103023595349860e-04
 +1.41799491328186409201672635e-03
 +1.92989627759567166503940072e-03
 +2.52044470221443172447406411e-03
 +3.18959364222407395009217801e-03
 +3.93729035514911798743220572e-03
 +4.76347590407069903378767251e-03
 +5.66808516110954650063513682e-03
 +6.65104681127632810233585303e-03
 +7.71228335668627459908996968e-03
 +8.85171112114106588275586063e-03
 +1.00692402550742101524638983e-02
 +1.13647747408634983840025612e-02
 +1.27382123985061209564539908e-02
 +1.41894448916605429855675169e-02
 +1.57183577340501770547298577e-02
 +1.73248302962334434218494295e-02
 +1.90087358127345971980926009e-02
 +2.07699413895406012620092895e-02
 +2.26083080119575778599294580e-02
 +2.45236905528328948122851472e-02
 +2.65159377811356559984101722e-02
 +2.85848923709022262329426667e-02
 +3.07303909105389842781885790e-02
 +3.29522639124893990114628650e-02
 +3.52503358232570673802541705e-02
 +3.76244250337922914173560685e-02
 +4.00743438902333576345782262e-02
 +4.25998987050104499507696687e-02
 +4.52008897683027627278917748e-02
 +4.78771113598575742686946910e-02
 +5.06283517611607822295205494e-02
 +5.34543932679684904996086914e-02
 +5.63550122031885591944444514e-02
 +5.93299789301220611981158015e-02
 +6.23790578660530850574339468e-02
 +6.55020074961971815463712687e-02
 +6.86985803879968520702092860e-02
 +7.19685232057738488720133319e-02
 +7.53115767257271778722937938e-02
 +7.87274758512865324711071935e-02
 +8.22159496288095703597775810e-02
 +8.57767212636329906549903512e-02
 +8.94095081364659066691658040e-02
 +9.31140218201354230576072268e-02
 +9.68899680966724546893331649e-02
 +1.00737046974748209460237547e-01
 +1.04654952707448914428489672e-01
 +1.08643373810399790357905658e-01
 +1.12701993080224549537149414e-01
 +1.16830487613353045661668261e-01
 +1.21028528825162254300984443e-01
 +1.25295782469463101715945186e-01
 +1.29631908658318723004398976e-01
 +1.34036561882206917140081259e-01
 +1.38509391030511297415728222e-01
 +1.43050039412355001200438664e-01
 +1.47658144777760569343882935e-01
 +1.52333339339150275471013174e-01
 +1.57075249793170640399964100e-01
 +1.61883497342854953959800923e-01
 +1.66757697720107067596018169e-01
 +1.71697461208521917619407304e-01
 +1.76702392666524321640508788e-01
 +1.81772091550842035401203134e-01
 +1.86906151940294640301232221e-01
 +1.92104162559914831698293369e-01
 +1.97365706805381957433809248e-01
 +2.02690362767786208531006764e-01
 +2.08077703258702312316685834e-01
 +2.13527295835590630312950111e-01
 +2.19038702827506204240393117e-01
 +2.24611481361131820611021226e-01
 +2.30245183387116220119494869e-01
 +2.35939355706733633333271882e-01
 +2.41693539998846101957141741e-01
 +2.47507272847183740216436831e-01
 +2.53380085767925589124160979e-01
 +2.59311505237594497330633203e-01
 +2.65301052721250651966755640e-01
 +2.71348244700995444578239812e-01
 +2.77452592704771905385285891e-01
 +2.83613603335471420319180424e-01
 +2.89830778300334324093512350e-01
 +2.96103614440654472339531367e-01
 +3.02431603761773470928631014e-01
 +3.08814233463375775734505169e-01
 +3.15250985970071118114077535e-01
 +3.21741338962274692203635595e-01
 +3.28284765407369005796311967e-01
 +3.34880733591164048146282539e-01
 +3.41528707149633570239188884e-01
 +3.48228145100945241097178950e-01
 +3.54978501877766028371752327e-01
 +3.61779227359856625501066674e-01
 +3.68629766906938327597487159e-01
 +3.75529561391844624029801025e-01
 +3.82478047233942963778474677e-01
 +3.89474656432836408015418783e-01
 +3.96518816602332735410385567e-01
 +4.03609951004689826437044076e-01
 +4.10747478585125280758916233e-01
 +4.17930814006596429432960349e-01
 +4.25159367684845079793376499e-01
 +4.32432545823703995413467283e-01
 +4.39749750450668830392686459e-01
 +4.47110379452724915338990286e-01
 +4.54513826612438720520259494e-01
 +4.61959481644295455460280664e-01
 +4.69446730231303621660998715e-01
 +4.76974954061837430607795341e-01
 +4.84543530866744232010745463e-01
 +4.92151834456684977858742513e-01
 +4.99799234759736699107435243e-01
 +5.07485097859221911953397921e-01
 +5.15208786031800758387078076e-01
 +5.22969657785780084324755990e-01
 +5.30767067899684863441223115e-01
 +5.38600367461042894845490991e-01
 +5.46468903905423686317988086e-01
 +5.54372021055693386948348689e-01
 +5.62309059161511859414872561e-01
 +5.70279354939047578021416030e-01
 +5.78282241610928449127015938e-01
 +5.86317048946404906217821917e-01
 +5.94383103301746706925712260e-01
 +6.02479727660847341752514694e-01
 +6.10606241676056815670392552e-01
 +6.18761961709217933602644734e-01
 +6.26946200872928627312319350e-01
 +6.35158269071999681543161387e-01
 +6.43397473045138834635281455e-01
 +6.51663116406820841497449237e-01
 +6.59954499689382689808780924e-01
 +6.68270920385300781774162715e-01
 +6.76611672989686052659408233e-01
 +6.84976049042959167501010143e-01
 +6.93363337173736438145965622e-01
 +7.01772823141893931087054170e-01
 +7.10203789881837632691485851e-01
 +7.18655517545944810819946724e-01
 +7.27127283548208658281453154e-01
 +7.35618362608048248496572796e-01
 +7.44128026794319219483497818e-01
 +7.52655545569483330758941975e-01
 +7.61200185833975528915118502e-01
 +7.69761211970722669661881810e-01
 +7.78337885889855973786666254e-01
 +7.86929467073573252200446859e-01
 +7.95535212621187093340324736e-01
 +8.04154377294317379565313786e-01
 +8.12786213562268211596517631e-01
 +8.21429971647540613233218210e-01
 +8.30084899571528755934934907e-01
 +8.38750243200342415761383563e-01
 +8.47425246290812728133801102e-01
 +8.56109150536616403392997654e-01
 +8.64801195614579243375885653e-01
 +8.73500619231092345629008378e-01
 +8.82206657168704611038378971e-01
 +8.90918543332820833668961313e-01
 +8.99635509798572097217572718e-01
 +9.08356786857786979716422593e-01
 +9.17081603066128847601135021e-01
 +9.25809185290331293494148213e-01
 +9.34538758755592890992147659e-01
 +9.43269547093063098763821017e-01
 +9.52000772387488036763159016e-01
 +9.60731655224935088277504747e-01
 +9.69461414740680149648710540e-01
 +9.78189268667161715420377277e-01
 +9.86914433382095057645244651e-01
 +9.95636123956649021771170283e-01
 +1.00435355420377803170595143e+00
 +1.01306593672661060523410015e+00
 +1.02177248296698564011819599e+00
 +1.03047240325404354521765526e+00
 +1.03916490685295959117695475e+00
 +1.04784920201372266923556253e+00
 +1.05652449602005971129869977e+00
 +1.06518999523838941989595241e+00
 +1.07384490516692543415899763e+00
 +1.08248843048479681527851426e+00
 +1.09111977510131841206941772e+00
 +1.09973814220527144058792146e+00
 +1.10834273431432395184970119e+00
 +1.11693275332446217973370040e+00
 +1.12550740055955689200573033e+00
 +1.13406587682092818702983550e+00
 +1.14260738243704818017931757e+00
 +1.15113111731323281006211801e+00
 +1.15963628098146331879547688e+00
 +1.16812207265019929458560455e+00
 +1.17658769125430850976954389e+00
 +1.18503233550498587867139122e+00
 +1.19345520393978610229623882e+00
 +1.20185549497263566287585945e+00
 +1.21023240694395517458303857e+00
 +1.21858513817075819751778454e+00
 +1.22691288699685130403338462e+00
 +1.23521485184300439108540104e+00
 +1.24349023125722157878669805e+00
 +1.25173822396497236297818745e+00
 +1.25995802891952068947034604e+00
 +1.26814884535220917527453821e+00
 +1.27630987282283347994393807e+00
 +1.28444031126996471847689918e+00
 +1.29253936106136424477597302e+00
 +1.30060622304433426421610420e+00
 +1.30864009859615615383177101e+00
 +1.31664018967445994867659920e+00
 +1.32460569886767665082061285e+00
 +1.33253582944541792976167471e+00
 +1.34042978540892998573497152e+00
 +1.34828677154146991945538048e+00
 +1.35610599345875160182117725e+00
 +1.36388665765930872098010695e+00
 +1.37162797157492022392943909e+00
 +1.37932914362095204729996567e+00
 +1.38698938324674769795308293e+00
 +1.39460790098593889752010000e+00
 +1.40218390850679086589991584e+00
 +1.40971661866247033323418236e+00
 +1.41720524554133797678900919e+00
 +1.42464900451715581475298222e+00
 +1.43204711229931858085251406e+00
 +1.43939878698299517090219979e+00
 +1.44670324809928274589765351e+00
 +1.45395971666526979682032561e+00
 +1.46116741523410631486967759e+00
 +1.46832556794497537389077024e+00
 +1.47543340057306715529250596e+00
 +1.48249014057945105449221046e+00
 +1.48949501716093934966522738e+00
 +1.49644726129985139451150644e+00
 +1.50334610581375716087393357e+00
 +1.51019078540512108332904972e+00
 +1.51698053671091170890861122e+00
 +1.52371459835211520150721753e+00
 +1.53039221098320599168118861e+00
 +1.53701261734151639615220120e+00
 +1.54357506229655094820429895e+00
 +1.55007879289920680321301916e+00
 +1.55652305843092531034699277e+00
 +1.56290711045274322010811829e+00
 +1.56923020285427483599960397e+00
 +1.57549159190258558638220165e+00
 +1.58169053629099098934318590e+00
 +1.58782629718774259686142614e+00
 +1.59389813828463311473626618e+00
 +1.59990532584548250660816393e+00
 +1.60584712875453905489564477e+00
 +1.61172281856475940742257080e+00
 +1.61753166954598959215161358e+00
 +1.62327295873302857032172142e+00
 +1.62894596597358187750614889e+00
 +1.63454997397609314013777748e+00
 +1.64008426835746434768736890e+00
 +1.64554813769064556261412235e+00
 +1.65094087355210561440799211e+00
 +1.65626177056917200935970413e+00
 +1.66151012646724360877215076e+00
 +1.66668524211686808200738596e+00
 +1.67178642158068702094908531e+00
 +1.67681297216023961205166870e+00
 +1.68176420444263108322502376e+00
 +1.68663943234704927220946047e+00
 +1.69143797317114819023231576e+00
 +1.69615914763727082537059232e+00
 +1.70080227993853005941105039e+00
 +1.70536669778472838032712389e+00
 +1.70985173244813104531658610e+00
 +1.71425671880907182220710183e+00
 +1.71858099540140463190596165e+00
 +1.72282390445778532672704841e+00
 +1.72698479195479248637923320e+00
 +1.73106300765787701756437400e+00
 +1.73505790516613722651584339e+00
 +1.73896884195693224306467073e+00
 +1.74279517943029804705190600e+00
 +1.74653628295321272645423960e+00
 +1.75019152190364835064428917e+00
 +1.75376026971447362967637673e+00
 +1.75724190391713497305659075e+00
 +1.76063580618518078502177104e+00
 +1.76394136237757059859632136e+00
 +1.76715796258180612987587210e+00
 +1.77028500115685583082836274e+00
 +1.77332187677589003804712320e+00
 +1.77626799246880473504006659e+00
 +1.77912275566455457820325137e+00
 +1.78188557823326809703701201e+00
 +1.78455587652816327626226212e+00
 +1.78713307142724686649160049e+00
 +1.78961658837480408479336802e+00
 +1.79200585742267448630116178e+00
 +1.79430031327130268259395507e+00
 +1.79649939531058255859363726e+00
 +1.79860254766046012697700007e+00
 +1.80060921921133365586342734e+00
 +1.80251886366420399632204408e+00
 +1.80433093957061951861930993e+00
 +1.80604491037236614126015866e+00
 +1.80766024444094108858394065e+00
 +1.80917641511678128907192331e+00
 +1.81059290074825662841817575e+00
 +1.81190918473041961966885083e+00
 +1.81312475554351970608024658e+00
 +1.81423910679125977019054972e+00
 +1.81525173723881794174417337e+00
 +1.81616215085061116774056700e+00
 +1.81696985682781253501616447e+00
 +1.81767436964561057699540925e+00
 +1.81827520909021433936914036e+00
 +1.81877190029559954176363590e+00
 +1.81916397377999428108807933e+00
 +1.81945096548210627496189318e+00
 +1.81963241679707365960894094e+00
 +1.81970787461216643166039830e+00
 +1.81967689134219834379280201e+00
 +1.81953902496469011040858277e+00
 +1.81929383905473862625967740e+00
 +1.81894090281962950150784764e+00
 +1.81847979113315227905900429e+00
 +1.81791008456965874628963320e+00
 +1.81723136943781904406591821e+00
 +1.81644323781411265450458359e+00
 +1.81554528757601962851708777e+00
 +1.81453712243493292533003114e+00
 +1.81341835196877942948390228e+00
 +1.81218859165434698077490339e+00
 +1.81084746289932452256721263e+00
 +1.80939459307403915921952375e+00
 +1.80782961554290655392662757e+00
 +1.80615216969556779957883919e+00
 +1.80436190097774451501777548e+00
 +1.80245846092176909003512719e+00
 +1.80044150717683515416922546e+00
 +1.79831070353891497859422088e+00
 +1.79606571998039754589626682e+00
 +1.79370623267938666955956251e+00
 +1.79123192404871778293795614e+00
 +1.78864248276462856068746987e+00
 +1.78593760379514843172898964e+00
 +1.78311698842813970422582770e+00
 +1.78018034429904847826264813e+00
 +1.77712738541830406191479597e+00
 +1.77395783219843061750964353e+00
 +1.77067141148079931767256312e+00
 +1.76726785656209051111886765e+00
 +1.76374690722039373369511850e+00
 +1.76010830974101351031890772e+00
 +1.75635181694190700696367458e+00
 +1.75247718819883191443409487e+00
 +1.74848418947011552404546819e+00
 +1.74437259332113359100446814e+00
 +1.74014217894840705902481659e+00
 +1.73579273220340568606445686e+00
 +1.73132404561596819903002142e+00
 +1.72673591841742291030925571e+00
 +1.72202815656332441918152654e+00
 +1.71720057275588344758432413e+00
 +1.71225298646601720164994731e+00
 +1.70718522395508487399240494e+00
 +1.70199711829624145131845125e+00
 +1.69668850939547266598594888e+00
 +1.69125924401224958515399521e+00
 +1.68570917577985834867604353e+00
 +1.68003816522534554778189886e+00
 +1.67424607978914052885954789e+00
 +1.66833279384428556646469133e+00
 +1.66229818871534518187615959e+00
 +1.65614215269691578136246335e+00
 +1.64986458107181777066330142e+00
 +1.64346537612887910739800645e+00
 +1.63694444718040243991197258e+00
 +1.63030171057922301791620612e+00
 +1.62353708973544108573605627e+00
 +1.61665051513275015437898219e+00
 +1.60964192434443442714098182e+00
 +1.60251126204895744109535372e+00
 +1.59525848004522119438775007e+00
 +1.58788353726741249261067424e+00
 +1.58038639979951622827059055e+00
 +1.57276704088941698955750326e+00
 +1.56502544096266449358267892e+00
 +1.55716158763582357416055402e+00
 +1.54917547572948488543431722e+00
 +1.54106710728086304662554085e+00
 +1.53283649155604995151236380e+00
 +1.52448364506185174427344009e+00
 +1.51600859155728584504174705e+00
 +1.50741136206465076163851791e+00
 +1.49869199488026216826597192e+00
 +1.48985053558475666335425558e+00
 +1.48088703705305668734126812e+00
 +1.47180155946390667232037686e+00
 +1.46259417030906613277352335e+00
 +1.45326494440207443226142914e+00
 +1.44381396388666738417327906e+00
 +1.43424131824476752683494851e+00
 +1.42454710430411934929395557e+00
 +1.41473142624550574097952449e+00
 +1.40479439560959873389833774e+00
 +1.39473613130339524346368307e+00
 +1.38455675960628354914661031e+00
 +1.37425641417569432967127341e+00
 +1.36383523605238066167544275e+00
 +1.35329337366528479336125201e+00
 +1.34263098283602611004994287e+00
 +1.33184822678297742903907874e+00
 +1.32094527612496537294362042e+00
 +1.30992230888455196691211313e+00
 +1.29877951049094297886199456e+00
 +1.28751707378247703950080449e+00
 +1.27613519900873373380534304e+00
 +1.26463409383223290838316188e+00
 +1.25301397332974095988333829e+00
 +1.24127505999317477858312486e+00
 +1.22941758373010889826559833e+00
 +1.21744178186387919105015953e+00
 +1.20534789913328976851403240e+00
 +1.19313618769191620572200918e+00
 +1.18080690710701330381482421e+00
 +1.16836032435801140394460162e+00
 +1.15579671383462190270563497e+00
 +1.14311635733453553775973432e+00
 +1.13031954406071766250363453e+00
 +1.11740657061830717111661215e+00
 +1.10437774101110064428610258e+00
 +1.09123336663765302390061152e+00
 +1.07797376628695351641340494e+00
 +1.06459926613371802517349352e+00
 +1.05111019973326214049791361e+00
 +1.03750690801598732804222891e+00
 +1.02378973928144278993102034e+00
 +1.00995904919201140437223785e+00
 +9.96015200766161123979713921e-01
 +9.81958564371324116315520314e-01
 +9.67789517716343916653443102e-01
 +9.53508445843542773445733474e-01
 +9.39115741120367886196618201e-01
 +9.24611803230647066875746987e-01
 +9.09997039165432064500294018e-01
 +8.95271863213444984985756037e-01
 +8.80436696951118258347435130e-01
 +8.65491969232233371300822000e-01
 +8.50438116177155589703318128e-01
 +8.35275581161668445595580579e-01
 +8.20004814805401660571249067e-01
 +8.04626274959862608504579384e-01
 +7.89140426696060326428039389e-01
 +7.73547742291733508857021206e-01
 +7.57848701218170939242213535e-01
 +7.42043790126637903270534480e-01
 +7.26133502834393929070699869e-01
 +7.10118340310320284025635829e-01
 +6.93998810660135467820452959e-01
 +6.77775429111223792766338647e-01
 +6.61448717997052071382313443e-01
 +6.45019206741200723520535121e-01
 +6.28487431840982990749466808e-01
 +6.11853936850680346637432194e-01
 +5.95119272364366125316337275e-01
 +5.78283995998346678213408723e-01
 +5.61348672373192414397635730e-01
 +5.44313873095387257272648185e-01
 +5.27180176738567318750483537e-01
 +5.09948168824382319641586037e-01
 +4.92618441802944062590796648e-01
 +4.75191595032901203943254131e-01
 +4.57668234761103465135789747e-01
 +4.40048974101888257237646940e-01
 +4.22334433015964627600169479e-01
 +4.04525238288916066942135785e-01
 +3.86622023509305023925008982e-01
 +3.68625429046396058119228201e-01
 +3.50536102027483198462221026e-01
 +3.32354696314836772774725659e-01
 +3.14081872482257162815244556e-01
 +2.95718297791248474482017627e-01
 +2.77264646166801298488024941e-01
 +2.58721598172796996006894688e-01
 +2.40089840987023600549221669e-01
 +2.21370068375813855432454602e-01
 +2.02562980668297115682818799e-01
 +1.83669284730276050066066773e-01
 +1.64689693937718151239835152e-01
 +1.45624928149873961169546988e-01
 +1.26475713682013324312691793e-01
 +1.07242783277788758522497403e-01
 +8.79268760812204619448095855e-02
 +6.85287376083093396905709938e-02
 +4.90491197182746641036743540e-02
 +2.94887805844213403416720354e-02
 +9.84848466463456376218665866e-03
 -9.87099732849398836531662482e-03
 -2.96688884579100857485922660e-02
 -4.95444055927071469458411457e-02
 -6.94967594391039666934517527e-02
 -8.95251545717864471995994791e-02
 -1.09628789465614356890554859e-01
 -1.29806856527689390423674354e-01
 -1.50058542129786171015481955e-01
 -1.70383026641141133161738708e-01
 -1.90779484461602893974330186e-01
 -2.11247084055137007707614316e-01
 -2.31784987983689599877479282e-01
 -2.52392352941402386967695293e-01
 -2.73068329789185160194620039e-01
 -2.93812063589634964166918962e-01
 -3.14622693642311379580434050e-01
 -3.35499353519354670538632490e-01
 -3.56441171101457676684276521e-01
 -3.77447268614176600909360104e-01
 -3.98516762664595125542632559e-01
 -4.19648764278320984821846196e-01
 -4.40842378936834922154019978e-01
 -4.62096706615168606457899614e-01
 -4.83410841819931658136511032e-01
 -5.04783873627664414485138877e-01
 -5.26214885723536363038022046e-01
 -5.47702956440368371460181152e-01
 -5.69247158797994590173630058e-01
 -5.90846560542948817662534111e-01
 -6.12500224188481823262009129e-01
 -6.34207207054905630627672508e-01
 -6.55966561310261986328384864e-01
 -6.77777334011312682093830517e-01
 -6.99638567144854617296800825e-01
 -7.21549297669351830109008006e-01
 -7.43508557556886717776478690e-01
 -7.65515373835425561033218855e-01
 -7.87568768631402127411433867e-01
 -8.09667759212608695307267226e-01
 -8.31811358031402159340927938e-01
 -8.53998572768214891937077482e-01
 -8.76228406375376467352111831e-01
 -8.98499857121236145118814420e-01
 -9.20811918634592219135015512e-01
 -9.43163579949417463232919090e-01
 -9.65553825549889666035596747e-01
 -9.87981635415713488335143211e-01
 -1.01044598506774119250906097e+00
 -1.03294584561388536059212129e+00
 -1.05548018379532093646844260e+00
 -1.07804796203298058898667477e+00
 -1.10064813847432896309896933e+00
 -1.12327966704043324952522198e+00
 -1.14594149747330398270150909e+00
 -1.16863257538352893760702500e+00
 -1.19135184229817325807232464e+00
 -1.21409823570896557853870945e+00
 -1.23687068912075281978957264e+00
 -1.25966813210023098612566628e+00
 -1.28248949032494152788785868e+00
 -1.30533368563253882044250531e+00
 -1.32819963607032298646970503e+00
 -1.35108625594503162226089898e+00
 -1.37399245587289953185461400e+00
 -1.39691714282997048179879584e+00
 -1.41985922020266897014550977e+00
 -1.44281758783862734674130479e+00
 -1.46579114209775962507364966e+00
 -1.48877877590359108950224254e+00
 -1.51177937879483037519889876e+00
 -1.53479183697718979395574479e+00
 -1.55781503337544635634515089e+00
 -1.58084784768573949342851392e+00
 -1.60388915642811702433334631e+00
 -1.62693783299930183616766044e+00
 -1.64999274772570725389186919e+00
 -1.67305276791666557301141438e+00
 -1.69611675791790528222691137e+00
 -1.71918357916523079076398517e+00
 -1.74225209023844773703615374e+00
 -1.76532114691548924767516837e+00
 -1.78838960222677800793178449e+00
 -1.81145630650978661790873048e+00
 -1.83452010746382843109358873e+00
 -1.85757985020504290396559099e+00
 -1.88063437732160276816273381e+00
 -1.90368252892911615781201817e+00
 -1.92672314272623901310055317e+00
 -1.94975505405048177287596900e+00
 -1.97277709593422057032796602e+00
 -1.99578809916089583431642041e+00
 -2.01878689232141006471010769e+00
 -2.04177230187071190314895830e+00
 -2.06474315218457071807733882e+00
 -2.08769826561652926955048315e+00
 -2.11063646255504666626734434e+00
 -2.13355656148081562761831265e+00
 -2.15645737902425516097082436e+00
 -2.17933773002318220690654016e+00
 -2.20219642758064937382300741e+00
 -2.22503228312295453505953446e+00
 -2.24784410645781518311991931e+00
 -2.27063070583270176783230454e+00
 -2.29339088799334156476561475e+00
 -2.31612345824236864899603461e+00
 -2.33882722049813285281061326e+00
 -2.36150097735366637508036547e+00
 -2.38414353013579116691289528e+00
 -2.40675367896437419901189969e+00
 -2.42933022281173061074355246e+00
 -2.45187195956216497094715123e+00
 -2.47437768607165020640081821e+00
 -2.49684619822763975705015582e+00
 -2.51927629100901961933800521e+00
 -2.54166675854617452046113613e+00
 -2.56401639418120153024460706e+00
 -2.58632399052822670171281061e+00
 -2.60858833953386115567241177e+00
 -2.63080823253775619718908274e+00
 -2.65298246033328810611351400e+00
 -2.67510981322834684448253029e+00
 -2.69718908110624377982844635e+00
 -2.71921905348670955859802234e+00
 -2.74119851958700966321202941e+00
 -2.76312626838315367194809369e+00
 -2.78500108867120488298496639e+00
 -2.80682176912867786811034421e+00
 -2.82858709837604038739300449e+00
 -2.85029586503828813448535584e+00
 -2.87194685780661895790899507e+00
 -2.89353886550017946888146980e+00
 -2.91507067712789869062817161e+00
 -2.93654108195039231787859535e+00
 -2.95794886954194602424195182e+00
 -2.97929282985256094207215938e+00
 -3.00057175327008041065823818e+00
 -3.02178443068236735058462727e+00
 -3.04292965353955358054349745e+00
 -3.06400621391633931622777709e+00
 -3.08501290457435306535671771e+00
 -3.10594851902456303704980201e+00
 -3.12681185158974228599504386e+00
 -3.14760169746696982784328611e+00
 -3.16831685279018326895084101e+00
 -3.18895611469276962779417772e+00
 -3.20951828137019479214586681e+00
 -3.23000215214266317431679454e+00
 -3.25040652751781378171358483e+00
 -3.27073020925343849185651379e+00
 -3.29097200042022963728527429e+00
 -3.31113070546454490994392472e+00
 -3.33120513027120068727526814e+00
 -3.35119408222626757876128067e+00
 -3.37109637027988773283482260e+00
 -3.39091080500909702877265772e+00
 -3.41063619868065970308634860e+00
 -3.43027136531389720275342370e+00
 -3.44981512074352680841116126e+00
 -3.46926628268248915532012688e+00
 -3.48862367078477308979245208e+00
 -3.50788610670823075565749605e+00
 -3.52705241417738513121094002e+00
 -3.54612141904621092081129063e+00
 -3.56509194936091100558428479e+00
 -3.58396283542265825516892619e+00
 -3.60273290985032090816275741e+00
 -3.62140100764315597814402281e+00
 -3.63996596624347601434124044e+00
 -3.65842662559927322973862829e+00
 -3.67678182822681609565051986e+00
 -3.69503041927319930692874550e+00
 -3.71317124657885022642744843e+00
 -3.73120316073999225281454528e+00
 -3.74912501517105756221326374e+00
 -3.76693566616704123006798000e+00
 -3.78463397296580561501855300e+00
 -3.80221879781032434664211905e+00
 -3.81968900601086547297313700e+00
 -3.83704346600709778059012933e+00
 -3.85428104943014648853250037e+00
 -3.87140063116456278891064358e+00
 -3.88840108941022633004536146e+00
 -3.90528130574416332265741403e+00
 -3.92204016518228870680218279e+00
 -3.93867655624106349776525349e+00
 -3.95518937099906420229444848e+00
 -3.97157750515845542338411178e+00
 -3.98783985810638075264478175e+00
 -4.00397533297624530490566030e+00
 -4.01998283670890543817222351e+00
 -4.03586128011375233626267800e+00
 -4.05160957792969345092615185e+00
 -4.06722664888601759258790480e+00
 -4.08271141576315432786259407e+00
 -4.09806280545331258480246106e+00
 -4.11327974902100557130779634e+00
 -4.12836118176344957220180731e+00
 -4.14330604327084284221882626e+00
 -4.15811327748650683133746497e+00
 -4.17278183276691549963288708e+00
 -4.18731066194156120729985560e+00
 -4.20169872237271757597909527e+00
 -4.21594497601503181982707247e+00
 -4.23004838947499450796385645e+00
 -4.24400793407025300751911345e+00
 -4.25782258588877304816833202e+00
 -4.27149132584786084265715544e+00
 -4.28501313975301556524755142e+00
 -4.29838701835662906347579337e+00
 -4.31161195741652480961647598e+00
 -4.32468695775433076278204680e+00
 -4.33761102531368081258733582e+00
 -4.35038317121825457434169948e+00
 -4.36300241182963066677302777e+00
 -4.37546776880497301220884765e+00
 -4.38777826915454038925190616e+00
 -4.39993294529899792166816042e+00
 -4.41193083512655181976924723e+00
 -4.42377098204990382157575368e+00
 -4.43545243506299868840869749e+00
 -4.44697424879757896576393250e+00
 -4.45833548357955145036157774e+00
 -4.46953520548514493526681690e+00
 -4.48057248639686633850942599e+00
 -4.49144640405925343884518952e+00
 -4.50215604213440911962607061e+00
 -4.51270049025732955527701051e+00
 -4.52307884409101745859516086e+00
 -4.53329020538136973073051195e+00
 -4.54333368201185638923789156e+00
 -4.55320838805795791159880537e+00
 -4.56291344384139296863622803e+00
 -4.57244797598410102068555716e+00
 -4.58181111746200020462538305e+00
 -4.59100200765851251816229706e+00
 -4.60001979241783587326608540e+00
 -4.60886362409799055228631914e+00
 -4.61753266162361075686249023e+00
 -4.62602607053849457230398912e+00
 -4.63434302305789813658520870e+00
 -4.64248269812058289573997172e+00
 -4.65044428144060084662214649e+00
 -4.65822696555882842517348763e+00
 -4.66582994989422861209504845e+00
 -4.67325244079486079584739855e+00
 -4.68049365158861263580547529e+00
 -4.68755280263366991277962370e+00
 -4.69442912136870660333443084e+00
 -4.70112184236281027693848955e+00
 -4.70763020736512149966301877e+00
 -4.71395346535418990896459945e+00
 -4.72009087258705672951464294e+00
 -4.72604169264803708472300059e+00
 -4.73180519649722963748672555e+00
 -4.73738066251872247391929704e+00
 -4.74276737656851299362870122e+00
 -4.74796463202212049026229579e+00
 -4.75297172982191185042211146e+00
 -4.75778797852411550195483869e+00
 -4.76241269434553604611437549e+00
 -4.76684520120995536274222104e+00
 -4.77108483079423351114201068e+00
 -4.77513092257408366947402101e+00
 -4.77898282386954509348697684e+00
 -4.78263988989013544284034651e+00
 -4.78610148377967181687608900e+00
 -4.78936697666078181612192566e+00
 -4.79243574767908864231458210e+00
 -4.79530718404706135515880305e+00
 -4.79798068108753916760633729e+00
 -4.80045564227691734515701683e+00
 -4.80273147928801069639348498e+00
 -4.80480761203256356850488373e+00
 -4.80668346870343299315209151e+00
 -4.80835848581642189003559906e+00
 -4.80983210825176676905812201e+00
 -4.81110378929528348379562885e+00
 -4.81217299067915948995732833e+00
 -4.81303918262239438519145551e+00
 -4.81370184387088695388001724e+00
 -4.81416046173716871692249697e+00
 -4.81441453213976533476170516e+00
 -4.81446355964221339718278614e+00
 -4.81430705749170240181911140e+00
 -4.81394454765735790857661414e+00
 -4.81337556086814633005133146e+00
 -4.81259963665042356240064692e+00
 -4.81161632336509992313722250e+00
 -4.81042517824443294216507638e+00
 -4.80902576742843912427360920e+00
 -4.80741766600093800576587455e+00
 -4.80560045802520452440376175e+00
 -4.80357373657924302534638628e+00
 -4.80133710379066691587013338e+00
 -4.79889017087120439697400798e+00
 -4.79623255815080007380402094e+00
 -4.79336389511133642571394375e+00
 -4.79028382041995381968035872e+00
 -4.78699198196197350796410319e+00
 -4.78348803687342982726704577e+00
 -4.77977165157319472399422011e+00
 -4.77584250179470082287025434e+00
 -4.77170027261726747980219443e+00
 -4.76734465849701383177716707e+00
 -4.76277536329736506104381988e+00
 -4.75799210031914299179334193e+00
 -4.75299459233026055926529807e+00
 -4.74778257159498995321200709e+00
 -4.74235577990281331750566096e+00
 -4.73671396859686488767238188e+00
 -4.73085689860194591460640368e+00
 -4.72478434045212480896225316e+00
 -4.71849607431790651901337696e+00
 -4.71199189003298624101034875e+00
 -4.70527158712056792211342326e+00
 -4.69833497481925732586205413e+00
 -4.69118187210852966018137522e+00
 -4.68381210773376110978460929e+00
 -4.67622552023082604932824324e+00
 -4.66842195795026260185522915e+00
 -4.66040127908099588438517458e+00
 -4.65216335167362871061413898e+00
 -4.64370805366328820440458003e+00
 -4.63503527289203454131438775e+00
 -4.62614490713082293638080955e+00
 -4.61703686410102065451610542e+00
 -4.60771106149548348440703194e+00
 -4.59816742699917480052818064e+00
 -4.58840589830934320048072550e+00
 -4.57842642315524805951554299e+00
 -4.56822895931743122588386541e+00
 -4.55781347464652775158810982e+00
 -4.54717994708164230388547367e+00
 -4.53632836466824418408805286e+00
 -4.52525872557562180986678868e+00
 -4.51397103811387090388507204e+00
 -4.50246532075042171783252343e+00
 -4.49074160212610973275104698e+00
 -4.47879992107077473662002376e+00
 -4.46664032661840249005535952e+00
 -4.45426287802180365105186866e+00
 -4.44166764476680597795166250e+00
 -4.42885470658600599591636637e+00
 -4.41582415347203216526850156e+00
 -4.40257608569034708523304289e+00
 -4.38911061379157008133233830e+00
 -4.37542785862333083457542671e+00
 -4.36152795134165405244175417e+00
 -4.34741103342186185898299300e+00
 -4.33307725666900456218399995e+00
 -4.31852678322780736408503799e+00
 -4.30375978559214900087681599e+00
 -4.28877644661405632575679192e+00
 -4.27357695951221838726041824e+00
 -4.25816152788001467399681133e+00
 -4.24253036569307440117881924e+00
 -4.22668369731634374630857565e+00
 -4.21062175751066725126747770e+00
 -4.19434479143888694352426683e+00
 -4.17785305467146184099647144e+00
 -4.16114681319159540606733572e+00
 -4.14422634339987627782875279e+00
 -4.12709193211842872983652342e+00
 -4.10974387659458084698371749e+00
 -4.09218248450403887517268231e+00
 -4.07440807395357218467779603e+00
 -4.05642097348320795902054670e+00
 -4.03822152206793294482167767e+00
 -4.01981006911890403898723889e+00
 -4.00118697448416860140696372e+00
 -3.98235260844888694364840376e+00
 -3.96330735173506809587706812e+00
 -3.94405159550080330888022218e+00
 -3.92458574133900128799723461e+00
 -3.90491020127564425479249621e+00
 -3.88502539776753375022622095e+00
 -3.86493176369954305471310363e+00
 -3.84462974238137533689041447e+00
 -3.82411978754382175793580245e+00
 -3.80340236333452397232690601e+00
 -3.78247794431323924868593167e+00
 -3.76134701544660154937105290e+00
 -3.74001007210239455602618364e+00
 -3.71846762004331177209337511e+00
 -3.69672017542023079172963662e+00
 -3.67476826476497819840005832e+00
 -3.65261242498260241262642012e+00
 -3.63025320334313672532289274e+00
 -3.60769115747287205664406429e+00
 -3.58492685534512256495531801e+00
 -3.56196087527049742860185688e+00
 -3.53879380588666414553244977e+00
 -3.51542624614761800572182437e+00
 -3.49185880531244530189383113e+00
 -3.46809210293358871624036510e+00
 -3.44412676884461355086841650e+00
 -3.41996344314746858472631175e+00
 -3.39560277619924821834729300e+00
 -3.37104542859845812685648525e+00
 -3.34629207117077154265416539e+00
 -3.32134338495429393134372731e+00
 -3.29620006118432051778199821e+00
 -3.27086280127759554403610309e+00
 -3.24533231681607325924687757e+00
 -3.21960932953017486823910076e+00
 -3.19369457128155431746563409e+00
 -3.16758878404535204609260290e+00
 -3.14129271989196112713216280e+00
 -3.11480714096828625869761709e+00
 -3.08813281947850670761113179e+00
 -3.06127053766434542581009737e+00
 -3.03422108778483190505426137e+00
 -3.00698527209557520123439645e+00
 -2.97956390282753647014146736e+00
 -2.95195780216530234696392654e+00
 -2.92416780222486449858365631e+00
 -2.89619474503090490458134809e+00
 -2.86803948249358553468368882e+00
 -2.83970287638483886993867600e+00
 -2.81118579831416637304641881e+00
 -2.78248912970394979282673376e+00
 -2.75361376176425665107672103e+00
 -2.72456059546716522490328316e+00
 -2.69533054152059126096219188e+00
 -2.66592452034162441520948050e+00
 -2.63634346202937885905726034e+00
 -2.60658830633734650561450508e+00
 -2.57666000264526484642146897e+00
 -2.54655950993049584596406021e+00
 -2.51628779673892211121710716e+00
 -2.48584584115535012216469113e+00
 -2.45523463077343029326016222e+00
 -2.42445516266509164537978904e+00
 -2.39350844334949375280530148e+00
 -2.36239548876149285661085742e+00
 -2.33111732421963013806021081e+00
 -2.29967498439363238205146445e+00
 -2.26806951327143835328570276e+00
 -2.23630196412574644426740633e+00
 -2.20437339948007737788771010e+00
 -2.17228489107436617544522051e+00
 -2.14003751983007539649861428e+00
 -2.10763237581483497962153706e+00
 -2.07507055820660779588138212e+00
 -2.04235317525738135913115912e+00
 -2.00948134425639279854181041e+00
 -1.97645619149287710136775331e+00
 -1.94327885221835394702338817e+00
 -1.90995047060844491682018997e+00
 -1.87647219972422041323056874e+00
 -1.84284520147309116566702869e+00
 -1.80907064656922855760967650e+00
 -1.77514971449353109456126276e+00
 -1.74108359345312413424267106e+00
 -1.70687348034040997646343385e+00
 -1.67252058069165632225860918e+00
 -1.63802610864513265021003008e+00
 -1.60339128689879673039797581e+00
 -1.56861734666752994371563545e+00
 -1.53370552763992651357227714e+00
 -1.49865707793463820429735733e+00
 -1.46347325405627648464701451e+00
 -1.42815532085087881775109508e+00
 -1.39270455146093685705466214e+00
 -1.35712222727999676230581372e+00
 -1.32140963790682897105455140e+00
 -1.28556808109917763971452587e+00
 -1.24959886272709175258910363e+00
 -1.21350329672584544837832254e+00
 -1.17728270504845267119264918e+00
 -1.14093841761778658216996973e+00
 -1.10447177227830728440949315e+00
 -1.06788411474741318230030629e+00
 -1.03117679856642485702877821e+00
 -9.94351185051214669918806521e-01
 -9.57408643242498746950275290e-01
 -9.20350549855808330868001121e-01
 -8.83178289231163482497777295e-01
 -8.45893253282470114484681289e-01
 -8.08496841446673775166686937e-01
 -7.70990460632702823140505188e-01
 -7.33375525170239073169398125e-01
 -6.95653456758367982892821146e-01
 -6.57825684414161337976167943e-01
 -6.19893644421260048282817934e-01
 -5.81858780278537324193166569e-01
 -5.43722542648934825670892224e-01
 -5.05486389308585470914181315e-01
 -4.67151785096352800685792772e-01
 -4.28720201863948380260893600e-01
 -3.90193118426813312371592701e-01
 -3.51572020515990735223255115e-01
 -3.12858400731255814619657940e-01
 -2.74053758495824639762616926e-01
 -2.35159600013024300269037781e-01
 -1.96177438225382222425352552e-01
 -1.57108792776681882585876338e-01
 -1.17955189977640650944579193e-01
 -7.87181627759947349920466309e-02
 -3.93992507319318660541362931e-02
